[31m[1mWARNING: This is a development server. Do not use it in a production deployment. Use a production WSGI server instead.[0m
 * Running on http://127.0.0.1:5000
[33mPress CTRL+C to quit[0m
 * Restarting with stat
 * Debugger is active!
 * Debugger PIN: 525-046-282
127.0.0.1 - - [19/Jun/2024 15:48:06] "[32mPOST /api/v1/bookmarks HTTP/1.1[0m" 308 -
127.0.0.1 - - [19/Jun/2024 15:48:06] "[31m[1mPOST /api/v1/bookmarks/ HTTP/1.1[0m" 422 -
[31m[1mWARNING: This is a development server. Do not use it in a production deployment. Use a production WSGI server instead.[0m
 * Running on http://127.0.0.1:5000
[33mPress CTRL+C to quit[0m
 * Restarting with stat
 * Debugger is active!
 * Debugger PIN: 525-046-282
127.0.0.1 - - [19/Jun/2024 15:48:46] "[32mPOST /api/v1/bookmarks HTTP/1.1[0m" 308 -
127.0.0.1 - - [19/Jun/2024 15:48:46] "[31m[1mPOST /api/v1/bookmarks/ HTTP/1.1[0m" 422 -
127.0.0.1 - - [19/Jun/2024 15:48:58] "[31m[1mPOST /api/v1/bookmarks/ HTTP/1.1[0m" 422 -
 * Detected change in 'C:\\Users\\user\\Desktop\\Test\\flaskProjectWIthYouTube\\src\\bookmarks.py', reloading
 * Restarting with stat
 * Debugger is active!
 * Debugger PIN: 525-046-282
[31m[1mWARNING: This is a development server. Do not use it in a production deployment. Use a production WSGI server instead.[0m
 * Running on http://127.0.0.1:5000
[33mPress CTRL+C to quit[0m
 * Restarting with stat
 * Debugger is active!
 * Debugger PIN: 525-046-282
127.0.0.1 - - [19/Jun/2024 15:49:40] "[31m[1mPOST /api/v1/bookmarks/ HTTP/1.1[0m" 422 -
 * Detected change in 'C:\\Users\\user\\Desktop\\Test\\flaskProjectWIthYouTube\\src\\bookmarks.py', reloading
 * Restarting with stat
 * Debugger is active!
 * Debugger PIN: 525-046-282
127.0.0.1 - - [19/Jun/2024 15:51:43] "[31m[1mGET /api/v1/bookmarks/ HTTP/1.1[0m" 422 -
127.0.0.1 - - [19/Jun/2024 15:51:45] "[32mGET /api/v1/bookmarks HTTP/1.1[0m" 308 -
127.0.0.1 - - [19/Jun/2024 15:51:45] "[31m[1mGET /api/v1/bookmarks/ HTTP/1.1[0m" 422 -
127.0.0.1 - - [19/Jun/2024 15:51:58] "POST /api/v1/auth/login HTTP/1.1" 200 -
127.0.0.1 - - [19/Jun/2024 15:52:11] "[32mGET /api/v1/bookmarks HTTP/1.1[0m" 308 -
127.0.0.1 - - [19/Jun/2024 15:52:11] "[35m[1mGET /api/v1/bookmarks/ HTTP/1.1[0m" 500 -
 * Detected change in 'C:\\Users\\user\\Desktop\\Test\\flaskProjectWIthYouTube\\src\\database.py', reloading
 * Restarting with stat
 * Debugger is active!
 * Debugger PIN: 525-046-282
127.0.0.1 - - [19/Jun/2024 15:53:08] "[32mGET /api/v1/bookmarks HTTP/1.1[0m" 308 -
127.0.0.1 - - [19/Jun/2024 15:53:08] "[35m[1mGET /api/v1/bookmarks/ HTTP/1.1[0m" 500 -
[31m[1mWARNING: This is a development server. Do not use it in a production deployment. Use a production WSGI server instead.[0m
 * Running on http://127.0.0.1:5000
[33mPress CTRL+C to quit[0m
 * Restarting with stat
 * Debugger is active!
 * Debugger PIN: 525-046-282
127.0.0.1 - - [19/Jun/2024 15:57:33] "[32mGET /api/v1/bookmarks HTTP/1.1[0m" 308 -
127.0.0.1 - - [19/Jun/2024 15:57:33] "[35m[1mGET /api/v1/bookmarks/ HTTP/1.1[0m" 500 -
[31m[1mWARNING: This is a development server. Do not use it in a production deployment. Use a production WSGI server instead.[0m
 * Running on http://127.0.0.1:5000
[33mPress CTRL+C to quit[0m
 * Restarting with stat
 * Debugger is active!
 * Debugger PIN: 525-046-282
127.0.0.1 - - [19/Jun/2024 15:58:38] "[32mGET /api/v1/bookmarks HTTP/1.1[0m" 308 -
127.0.0.1 - - [19/Jun/2024 15:58:38] "[35m[1mGET /api/v1/bookmarks/ HTTP/1.1[0m" 500 -
 * Detected change in 'C:\\Users\\user\\Desktop\\Test\\flaskProjectWIthYouTube\\src\\database.py', reloading
[31m[1mWARNING: This is a development server. Do not use it in a production deployment. Use a production WSGI server instead.[0m
 * Running on http://127.0.0.1:5000
[33mPress CTRL+C to quit[0m
 * Restarting with stat
 * Debugger is active!
 * Debugger PIN: 525-046-282
127.0.0.1 - - [19/Jun/2024 16:07:10] "[32mGET /api/v1/bookmarks HTTP/1.1[0m" 308 -
127.0.0.1 - - [19/Jun/2024 16:07:10] "[31m[1mGET /api/v1/bookmarks/ HTTP/1.1[0m" 401 -
127.0.0.1 - - [19/Jun/2024 16:07:19] "POST /api/v1/auth/login HTTP/1.1" 200 -
127.0.0.1 - - [19/Jun/2024 16:07:34] "[32mGET /api/v1/bookmarks HTTP/1.1[0m" 308 -
127.0.0.1 - - [19/Jun/2024 16:07:34] "[35m[1mGET /api/v1/bookmarks/ HTTP/1.1[0m" 500 -
 * Detected change in 'C:\\Users\\user\\Desktop\\Test\\flaskProjectWIthYouTube\\src\\bookmarks.py', reloading
 * Restarting with stat
 * Debugger is active!
 * Debugger PIN: 525-046-282
 * Detected change in 'C:\\Users\\user\\Desktop\\Test\\flaskProjectWIthYouTube\\src\\bookmarks.py', reloading
[31m[1mWARNING: This is a development server. Do not use it in a production deployment. Use a production WSGI server instead.[0m
 * Running on http://127.0.0.1:5000
[33mPress CTRL+C to quit[0m
 * Restarting with stat
 * Debugger is active!
 * Debugger PIN: 525-046-282
127.0.0.1 - - [19/Jun/2024 16:31:16] "[32mGET /api/v1/bookmarks HTTP/1.1[0m" 308 -
127.0.0.1 - - [19/Jun/2024 16:31:16] "[31m[1mGET /api/v1/bookmarks/ HTTP/1.1[0m" 401 -
127.0.0.1 - - [19/Jun/2024 16:31:22] "POST /api/v1/auth/login HTTP/1.1" 200 -
127.0.0.1 - - [19/Jun/2024 16:31:36] "[32mGET /api/v1/bookmarks HTTP/1.1[0m" 308 -
127.0.0.1 - - [19/Jun/2024 16:31:36] "GET /api/v1/bookmarks/ HTTP/1.1" 200 -
127.0.0.1 - - [19/Jun/2024 16:31:43] "[32mGET /api/v1/bookmarks HTTP/1.1[0m" 308 -
127.0.0.1 - - [19/Jun/2024 16:31:43] "GET /api/v1/bookmarks/ HTTP/1.1" 200 -
 * Detected change in 'C:\\Users\\user\\Desktop\\Test\\flaskProjectWIthYouTube\\src\\bookmarks.py', reloading
 * Restarting with stat
 * Debugger is active!
 * Debugger PIN: 525-046-282
127.0.0.1 - - [19/Jun/2024 16:32:07] "[31m[1mPOST /api/v1/auth/me HTTP/1.1[0m" 405 -
127.0.0.1 - - [19/Jun/2024 16:32:14] "[32mPOST /api/v1/bookmarks HTTP/1.1[0m" 308 -
127.0.0.1 - - [19/Jun/2024 16:32:15] "[35m[1mPOST /api/v1/bookmarks/ HTTP/1.1[0m" 500 -
 * Detected change in 'C:\\Users\\user\\Desktop\\Test\\flaskProjectWIthYouTube\\src\\bookmarks.py', reloading
 * Restarting with stat
 * Debugger is active!
 * Debugger PIN: 525-046-282
[31m[1mWARNING: This is a development server. Do not use it in a production deployment. Use a production WSGI server instead.[0m
 * Running on http://127.0.0.1:5000
[33mPress CTRL+C to quit[0m
 * Restarting with stat
 * Debugger is active!
 * Debugger PIN: 525-046-282
127.0.0.1 - - [19/Jun/2024 16:32:55] "[32mPOST /api/v1/bookmarks HTTP/1.1[0m" 308 -
127.0.0.1 - - [19/Jun/2024 16:32:55] "[31m[1mPOST /api/v1/bookmarks/ HTTP/1.1[0m" 409 -
127.0.0.1 - - [19/Jun/2024 16:33:04] "[32mPOST /api/v1/bookmarks HTTP/1.1[0m" 308 -
127.0.0.1 - - [19/Jun/2024 16:33:04] "[35m[1mPOST /api/v1/bookmarks/ HTTP/1.1[0m" 201 -
127.0.0.1 - - [19/Jun/2024 16:33:14] "[32mGET /api/v1/bookmarks HTTP/1.1[0m" 308 -
127.0.0.1 - - [19/Jun/2024 16:33:14] "GET /api/v1/bookmarks/ HTTP/1.1" 200 -
 * Detected change in 'C:\\Users\\user\\Desktop\\Test\\flaskProjectWIthYouTube\\src\\bookmarks.py', reloading
 * Restarting with stat
 * Restarting with stat
 * Debugger is active!
 * Debugger PIN: 525-046-282
 * Detected change in 'C:\\Users\\user\\Desktop\\Test\\flaskProjectWIthYouTube\\src\\bookmarks.py', reloading
 * Restarting with stat
 * Debugger is active!
 * Debugger PIN: 525-046-282
 * Detected change in 'C:\\Users\\user\\Desktop\\Test\\flaskProjectWIthYouTube\\src\\bookmarks.py', reloading
 * Restarting with stat
 * Restarting with stat
 * Restarting with stat
 * Restarting with stat
 * Restarting with stat
 * Restarting with stat
 * Restarting with stat
 * Restarting with stat
 * Restarting with stat
 * Debugger is active!
 * Debugger PIN: 525-046-282
 * Detected change in 'C:\\Users\\user\\Desktop\\Test\\flaskProjectWIthYouTube\\src\\bookmarks.py', reloading
 * Restarting with stat
 * Restarting with stat
[31m[1mWARNING: This is a development server. Do not use it in a production deployment. Use a production WSGI server instead.[0m
 * Running on http://127.0.0.1:5000
[33mPress CTRL+C to quit[0m
 * Restarting with stat
 * Debugger is active!
 * Debugger PIN: 525-046-282
127.0.0.1 - - [19/Jun/2024 20:31:43] "[32mGET /api/v1/bookmarks HTTP/1.1[0m" 308 -
127.0.0.1 - - [19/Jun/2024 20:31:43] "[31m[1mGET /api/v1/bookmarks/ HTTP/1.1[0m" 401 -
127.0.0.1 - - [19/Jun/2024 20:31:48] "POST /api/v1/auth/login HTTP/1.1" 200 -
127.0.0.1 - - [19/Jun/2024 20:31:59] "[32mGET /api/v1/bookmarks HTTP/1.1[0m" 308 -
127.0.0.1 - - [19/Jun/2024 20:31:59] "[35m[1mGET /api/v1/bookmarks/ HTTP/1.1[0m" 500 -
 * Detected change in 'C:\\Users\\user\\Desktop\\Test\\flaskProjectWIthYouTube\\src\\bookmarks.py', reloading
 * Restarting with stat
[31m[1mWARNING: This is a development server. Do not use it in a production deployment. Use a production WSGI server instead.[0m
 * Running on http://127.0.0.1:5000
[33mPress CTRL+C to quit[0m
 * Restarting with stat
 * Debugger is active!
 * Debugger PIN: 525-046-282
127.0.0.1 - - [19/Jun/2024 20:32:42] "[32mGET /api/v1/bookmarks HTTP/1.1[0m" 308 -
127.0.0.1 - - [19/Jun/2024 20:32:42] "GET /api/v1/bookmarks/ HTTP/1.1" 200 -
127.0.0.1 - - [19/Jun/2024 20:33:38] "[32mPOST /api/v1/bookmarks HTTP/1.1[0m" 308 -
127.0.0.1 - - [19/Jun/2024 20:33:38] "[35m[1mPOST /api/v1/bookmarks/ HTTP/1.1[0m" 201 -
127.0.0.1 - - [19/Jun/2024 20:33:43] "[32mPOST /api/v1/bookmarks HTTP/1.1[0m" 308 -
127.0.0.1 - - [19/Jun/2024 20:33:43] "[35m[1mPOST /api/v1/bookmarks/ HTTP/1.1[0m" 201 -
127.0.0.1 - - [19/Jun/2024 20:33:46] "[32mPOST /api/v1/bookmarks HTTP/1.1[0m" 308 -
127.0.0.1 - - [19/Jun/2024 20:33:46] "[35m[1mPOST /api/v1/bookmarks/ HTTP/1.1[0m" 201 -
127.0.0.1 - - [19/Jun/2024 20:33:48] "[32mPOST /api/v1/bookmarks HTTP/1.1[0m" 308 -
127.0.0.1 - - [19/Jun/2024 20:33:48] "[35m[1mPOST /api/v1/bookmarks/ HTTP/1.1[0m" 201 -
127.0.0.1 - - [19/Jun/2024 20:33:53] "[32mGET /api/v1/bookmarks HTTP/1.1[0m" 308 -
127.0.0.1 - - [19/Jun/2024 20:33:53] "GET /api/v1/bookmarks/ HTTP/1.1" 200 -
 * Detected change in 'C:\\Users\\user\\Desktop\\Test\\flaskProjectWIthYouTube\\src\\bookmarks.py', reloading
 * Restarting with stat
 * Debugger is active!
 * Debugger PIN: 525-046-282
127.0.0.1 - - [19/Jun/2024 20:36:15] "[32mGET /api/v1/bookmarks?page=2 HTTP/1.1[0m" 308 -
127.0.0.1 - - [19/Jun/2024 20:36:15] "GET /api/v1/bookmarks/?page=2 HTTP/1.1" 200 -
 * Detected change in 'C:\\Users\\user\\Desktop\\Test\\flaskProjectWIthYouTube\\src\\bookmarks.py', reloading
 * Restarting with stat
 * Restarting with stat
 * Debugger is active!
 * Debugger PIN: 525-046-282
 * Detected change in 'C:\\Users\\user\\Desktop\\Test\\flaskProjectWIthYouTube\\src\\bookmarks.py', reloading
 * Restarting with stat
 * Debugger is active!
 * Debugger PIN: 525-046-282
 * Detected change in 'C:\\Users\\user\\Desktop\\Test\\flaskProjectWIthYouTube\\src\\bookmarks.py', reloading
 * Restarting with stat
 * Debugger is active!
 * Debugger PIN: 525-046-282
 * Detected change in 'C:\\Users\\user\\Desktop\\Test\\flaskProjectWIthYouTube\\src\\bookmarks.py', reloading
 * Restarting with stat
 * Debugger is active!
 * Debugger PIN: 525-046-282
 * Detected change in 'C:\\Users\\user\\Desktop\\Test\\flaskProjectWIthYouTube\\src\\bookmarks.py', reloading
 * Restarting with stat
 * Debugger is active!
 * Debugger PIN: 525-046-282
 * Detected change in 'C:\\Users\\user\\Desktop\\Test\\flaskProjectWIthYouTube\\src\\bookmarks.py', reloading
 * Restarting with stat
 * Debugger is active!
 * Debugger PIN: 525-046-282
 * Detected change in 'C:\\Users\\user\\Desktop\\Test\\flaskProjectWIthYouTube\\src\\bookmarks.py', reloading
 * Restarting with stat
 * Debugger is active!
 * Debugger PIN: 525-046-282
 * Detected change in 'C:\\Users\\user\\Desktop\\Test\\flaskProjectWIthYouTube\\src\\bookmarks.py', reloading
 * Restarting with stat
 * Debugger is active!
 * Debugger PIN: 525-046-282
 * Detected change in 'C:\\Users\\user\\Desktop\\Test\\flaskProjectWIthYouTube\\src\\bookmarks.py', reloading
 * Restarting with stat
 * Debugger is active!
 * Debugger PIN: 525-046-282
 * Detected change in 'C:\\Users\\user\\Desktop\\Test\\flaskProjectWIthYouTube\\src\\bookmarks.py', reloading
 * Restarting with stat
 * Debugger is active!
 * Debugger PIN: 525-046-282
 * Detected change in 'C:\\Users\\user\\Desktop\\Test\\flaskProjectWIthYouTube\\src\\bookmarks.py', reloading
 * Restarting with stat
 * Debugger is active!
 * Debugger PIN: 525-046-282
 * Detected change in 'C:\\Users\\user\\Desktop\\Test\\flaskProjectWIthYouTube\\src\\bookmarks.py', reloading
 * Restarting with stat
 * Debugger is active!
 * Debugger PIN: 525-046-282
 * Detected change in 'C:\\Users\\user\\Desktop\\Test\\flaskProjectWIthYouTube\\src\\bookmarks.py', reloading
 * Restarting with stat
 * Debugger is active!
 * Debugger PIN: 525-046-282
 * Detected change in 'C:\\Users\\user\\Desktop\\Test\\flaskProjectWIthYouTube\\src\\bookmarks.py', reloading
 * Restarting with stat
 * Debugger is active!
 * Debugger PIN: 525-046-282
 * Detected change in 'C:\\Users\\user\\Desktop\\Test\\flaskProjectWIthYouTube\\src\\bookmarks.py', reloading
 * Restarting with stat
 * Debugger is active!
 * Debugger PIN: 525-046-282
 * Detected change in 'C:\\Users\\user\\Desktop\\Test\\flaskProjectWIthYouTube\\src\\bookmarks.py', reloading
 * Restarting with stat
 * Debugger is active!
 * Debugger PIN: 525-046-282
127.0.0.1 - - [19/Jun/2024 23:11:30] "[31m[1mGET /api/v1/bookmarks/2 HTTP/1.1[0m" 401 -
127.0.0.1 - - [19/Jun/2024 23:11:36] "POST /api/v1/auth/login HTTP/1.1" 200 -
127.0.0.1 - - [19/Jun/2024 23:11:46] "[35m[1mGET /api/v1/bookmarks/2 HTTP/1.1[0m" 500 -
 * Detected change in 'C:\\Users\\user\\Desktop\\Test\\flaskProjectWIthYouTube\\src\\bookmarks.py', reloading
[31m[1mWARNING: This is a development server. Do not use it in a production deployment. Use a production WSGI server instead.[0m
 * Running on http://127.0.0.1:5000
[33mPress CTRL+C to quit[0m
 * Restarting with stat
 * Debugger is active!
 * Debugger PIN: 525-046-282
127.0.0.1 - - [19/Jun/2024 23:23:05] "[35m[1mGET /api/v1/bookmarks/2 HTTP/1.1[0m" 500 -
 * Detected change in 'C:\\Users\\user\\Desktop\\Test\\flaskProjectWIthYouTube\\src\\bookmarks.py', reloading
 * Restarting with stat
 * Debugger is active!
 * Debugger PIN: 525-046-282
[31m[1mWARNING: This is a development server. Do not use it in a production deployment. Use a production WSGI server instead.[0m
 * Running on http://127.0.0.1:5000
[33mPress CTRL+C to quit[0m
 * Restarting with stat
 * Debugger is active!
 * Debugger PIN: 525-046-282
127.0.0.1 - - [19/Jun/2024 23:24:10] "GET /api/v1/bookmarks/2 HTTP/1.1" 200 -
127.0.0.1 - - [19/Jun/2024 23:24:15] "GET /api/v1/bookmarks/5 HTTP/1.1" 200 -
127.0.0.1 - - [19/Jun/2024 23:24:46] "[31m[1mPUT /api/v1/bookmarks/5 HTTP/1.1[0m" 405 -
127.0.0.1 - - [19/Jun/2024 23:25:01] "PUT /api/v1/bookmarks/5/edit HTTP/1.1" 200 -
 * Detected change in 'C:\\Users\\user\\Desktop\\Test\\flaskProjectWIthYouTube\\src\\bookmarks.py', reloading
 * Restarting with stat
 * Debugger is active!
 * Debugger PIN: 525-046-282
[31m[1mWARNING: This is a development server. Do not use it in a production deployment. Use a production WSGI server instead.[0m
 * Running on http://127.0.0.1:5000
[33mPress CTRL+C to quit[0m
 * Restarting with stat
 * Debugger is active!
 * Debugger PIN: 525-046-282
127.0.0.1 - - [20/Jun/2024 12:30:48] "[33mGET /api/v1 HTTP/1.1[0m" 404 -
127.0.0.1 - - [20/Jun/2024 12:30:49] "[33mGET /favicon.ico HTTP/1.1[0m" 404 -
127.0.0.1 - - [20/Jun/2024 12:30:59] "GET / HTTP/1.1" 200 -
127.0.0.1 - - [20/Jun/2024 12:30:59] "GET /flasgger_static/lib/jquery.min.js HTTP/1.1" 200 -
127.0.0.1 - - [20/Jun/2024 12:30:59] "GET /flasgger_static/swagger-ui-standalone-preset.js HTTP/1.1" 200 -
127.0.0.1 - - [20/Jun/2024 12:30:59] "GET /flasgger_static/swagger-ui.css HTTP/1.1" 200 -
127.0.0.1 - - [20/Jun/2024 12:30:59] "GET /flasgger_static/swagger-ui-bundle.js HTTP/1.1" 200 -
127.0.0.1 - - [20/Jun/2024 12:31:00] "GET /apispec.json HTTP/1.1" 200 -
127.0.0.1 - - [20/Jun/2024 12:31:00] "GET /flasgger_static/favicon-32x32.png HTTP/1.1" 200 -
[31m[1mWARNING: This is a development server. Do not use it in a production deployment. Use a production WSGI server instead.[0m
 * Running on http://127.0.0.1:5000
[33mPress CTRL+C to quit[0m
 * Restarting with stat
 * Debugger is active!
 * Debugger PIN: 525-046-282
127.0.0.1 - - [20/Jun/2024 12:35:31] "GET / HTTP/1.1" 200 -
127.0.0.1 - - [20/Jun/2024 12:35:31] "[36mGET /flasgger_static/swagger-ui-standalone-preset.js HTTP/1.1[0m" 304 -
127.0.0.1 - - [20/Jun/2024 12:35:31] "[36mGET /flasgger_static/swagger-ui.css HTTP/1.1[0m" 304 -
127.0.0.1 - - [20/Jun/2024 12:35:31] "[36mGET /flasgger_static/swagger-ui-bundle.js HTTP/1.1[0m" 304 -
127.0.0.1 - - [20/Jun/2024 12:35:31] "[36mGET /flasgger_static/lib/jquery.min.js HTTP/1.1[0m" 304 -
jsonify failure; defaulting to json.dumps
Traceback (most recent call last):
  File "C:\Users\user\Desktop\Test\flaskProjectWIthYouTube\.venv\Lib\site-packages\flasgger\utils.py", line 581, in load_from_file
    enc = detect_by_bom(swag_path)
          ^^^^^^^^^^^^^^^^^^^^^^^^
  File "C:\Users\user\Desktop\Test\flaskProjectWIthYouTube\.venv\Lib\site-packages\flasgger\utils.py", line 616, in detect_by_bom
    with open(path, 'rb') as f:
         ^^^^^^^^^^^^^^^^
FileNotFoundError: [Errno 2] No such file or directory: 'C:\\Users\\user\\Desktop\\Test\\flaskProjectWIthYouTube\\src\\.docs/auth/login.yaml'

During handling of the above exception, another exception occurred:

Traceback (most recent call last):
  File "C:\Users\user\Desktop\Test\flaskProjectWIthYouTube\.venv\Lib\site-packages\flasgger\utils.py", line 590, in load_from_file
    enc = detect_by_bom(swag_path)
          ^^^^^^^^^^^^^^^^^^^^^^^^
  File "C:\Users\user\Desktop\Test\flaskProjectWIthYouTube\.venv\Lib\site-packages\flasgger\utils.py", line 616, in detect_by_bom
    with open(path, 'rb') as f:
         ^^^^^^^^^^^^^^^^
FileNotFoundError: [Errno 2] No such file or directory: 'C:\\Users\\user\\Desktop\\Test\\flaskProjectWIthYouTube\\src\\.docs/auth/login.yaml'

During handling of the above exception, another exception occurred:

Traceback (most recent call last):
  File "C:\Users\user\Desktop\Test\flaskProjectWIthYouTube\.venv\Lib\site-packages\flasgger\base.py", line 164, in get
    return jsonify(self.loader())
                   ^^^^^^^^^^^^^
  File "C:\Users\user\Desktop\Test\flaskProjectWIthYouTube\.venv\Lib\site-packages\flasgger\base.py", line 438, in get_apispecs
    specs = get_specs(
            ^^^^^^^^^^
  File "C:\Users\user\Desktop\Test\flaskProjectWIthYouTube\.venv\Lib\site-packages\flasgger\utils.py", line 180, in get_specs
    doc_summary, doc_description, doc_swag = parse_docstring(
                                             ^^^^^^^^^^^^^^^^
  File "C:\Users\user\Desktop\Test\flaskProjectWIthYouTube\.venv\Lib\site-packages\flasgger\utils.py", line 641, in parse_docstring
    full_doc = load_from_file(swag_path, swag_type)
               ^^^^^^^^^^^^^^^^^^^^^^^^^^^^^^^^^^^^
  File "C:\Users\user\Desktop\Test\flaskProjectWIthYouTube\.venv\Lib\site-packages\flasgger\utils.py", line 604, in load_from_file
    if package_spec.has_location:
       ^^^^^^^^^^^^^^^^^^^^^^^^^
AttributeError: 'NoneType' object has no attribute 'has_location'
127.0.0.1 - - [20/Jun/2024 12:35:31] "[36mGET /flasgger_static/favicon-32x32.png HTTP/1.1[0m" 304 -
127.0.0.1 - - [20/Jun/2024 12:35:31] "[35m[1mGET /apispec.json HTTP/1.1[0m" 500 -
127.0.0.1 - - [20/Jun/2024 12:35:36] "GET / HTTP/1.1" 200 -
127.0.0.1 - - [20/Jun/2024 12:35:36] "[36mGET /flasgger_static/swagger-ui.css HTTP/1.1[0m" 304 -
127.0.0.1 - - [20/Jun/2024 12:35:36] "[36mGET /flasgger_static/swagger-ui-bundle.js HTTP/1.1[0m" 304 -
127.0.0.1 - - [20/Jun/2024 12:35:36] "[36mGET /flasgger_static/swagger-ui-standalone-preset.js HTTP/1.1[0m" 304 -
127.0.0.1 - - [20/Jun/2024 12:35:36] "[36mGET /flasgger_static/lib/jquery.min.js HTTP/1.1[0m" 304 -
jsonify failure; defaulting to json.dumps
Traceback (most recent call last):
  File "C:\Users\user\Desktop\Test\flaskProjectWIthYouTube\.venv\Lib\site-packages\flasgger\utils.py", line 581, in load_from_file
    enc = detect_by_bom(swag_path)
          ^^^^^^^^^^^^^^^^^^^^^^^^
  File "C:\Users\user\Desktop\Test\flaskProjectWIthYouTube\.venv\Lib\site-packages\flasgger\utils.py", line 616, in detect_by_bom
    with open(path, 'rb') as f:
         ^^^^^^^^^^^^^^^^
FileNotFoundError: [Errno 2] No such file or directory: 'C:\\Users\\user\\Desktop\\Test\\flaskProjectWIthYouTube\\src\\.docs/auth/login.yaml'

During handling of the above exception, another exception occurred:

Traceback (most recent call last):
  File "C:\Users\user\Desktop\Test\flaskProjectWIthYouTube\.venv\Lib\site-packages\flasgger\utils.py", line 590, in load_from_file
    enc = detect_by_bom(swag_path)
          ^^^^^^^^^^^^^^^^^^^^^^^^
  File "C:\Users\user\Desktop\Test\flaskProjectWIthYouTube\.venv\Lib\site-packages\flasgger\utils.py", line 616, in detect_by_bom
    with open(path, 'rb') as f:
         ^^^^^^^^^^^^^^^^
FileNotFoundError: [Errno 2] No such file or directory: 'C:\\Users\\user\\Desktop\\Test\\flaskProjectWIthYouTube\\src\\.docs/auth/login.yaml'

During handling of the above exception, another exception occurred:

Traceback (most recent call last):
  File "C:\Users\user\Desktop\Test\flaskProjectWIthYouTube\.venv\Lib\site-packages\flasgger\base.py", line 164, in get
    return jsonify(self.loader())
                   ^^^^^^^^^^^^^
  File "C:\Users\user\Desktop\Test\flaskProjectWIthYouTube\.venv\Lib\site-packages\flasgger\base.py", line 438, in get_apispecs
    specs = get_specs(
            ^^^^^^^^^^
  File "C:\Users\user\Desktop\Test\flaskProjectWIthYouTube\.venv\Lib\site-packages\flasgger\utils.py", line 180, in get_specs
    doc_summary, doc_description, doc_swag = parse_docstring(
                                             ^^^^^^^^^^^^^^^^
  File "C:\Users\user\Desktop\Test\flaskProjectWIthYouTube\.venv\Lib\site-packages\flasgger\utils.py", line 641, in parse_docstring
    full_doc = load_from_file(swag_path, swag_type)
               ^^^^^^^^^^^^^^^^^^^^^^^^^^^^^^^^^^^^
  File "C:\Users\user\Desktop\Test\flaskProjectWIthYouTube\.venv\Lib\site-packages\flasgger\utils.py", line 604, in load_from_file
    if package_spec.has_location:
       ^^^^^^^^^^^^^^^^^^^^^^^^^
AttributeError: 'NoneType' object has no attribute 'has_location'
127.0.0.1 - - [20/Jun/2024 12:35:37] "[35m[1mGET /apispec.json HTTP/1.1[0m" 500 -
 * Detected change in 'C:\\Users\\user\\Desktop\\Test\\flaskProjectWIthYouTube\\src\\auth.py', reloading
 * Restarting with stat
 * Debugger is active!
 * Debugger PIN: 525-046-282
[31m[1mWARNING: This is a development server. Do not use it in a production deployment. Use a production WSGI server instead.[0m
 * Running on http://127.0.0.1:5000
[33mPress CTRL+C to quit[0m
 * Restarting with stat
 * Debugger is active!
 * Debugger PIN: 525-046-282
127.0.0.1 - - [20/Jun/2024 12:37:10] "GET / HTTP/1.1" 200 -
127.0.0.1 - - [20/Jun/2024 12:37:10] "[36mGET /flasgger_static/swagger-ui-standalone-preset.js HTTP/1.1[0m" 304 -
127.0.0.1 - - [20/Jun/2024 12:37:10] "[36mGET /flasgger_static/swagger-ui.css HTTP/1.1[0m" 304 -
127.0.0.1 - - [20/Jun/2024 12:37:10] "[36mGET /flasgger_static/lib/jquery.min.js HTTP/1.1[0m" 304 -
127.0.0.1 - - [20/Jun/2024 12:37:10] "[36mGET /flasgger_static/swagger-ui-bundle.js HTTP/1.1[0m" 304 -
127.0.0.1 - - [20/Jun/2024 12:37:11] "[36mGET /flasgger_static/favicon-32x32.png HTTP/1.1[0m" 304 -
127.0.0.1 - - [20/Jun/2024 12:37:11] "GET /apispec.json HTTP/1.1" 200 -
